<?xml version="1.0" encoding="UTF-8"?>
<!-- Generated by org.testng.reporters.JUnitXMLReporter -->
<testsuite ignored="0" hostname="DESKTOP-D92726M" failures="2" tests="6" name="Surefire test" time="134.618" errors="0" timestamp="2024-03-16T16:13:41 IST">
  <testcase classname="seleniumlearning.ErrorValidationTest" name="LoginErrorValidation" time="0.427">
    <skipped/>
  </testcase> <!-- LoginErrorValidation -->
  <testcase classname="seleniumlearning.ErrorValidationTest" name="LoginErrorValidation" time="0.383">
    <failure type="java.lang.AssertionError" message="expected [Incorrect email  password.] but found [Incorrect email or password.]">
      <![CDATA[java.lang.AssertionError: expected [Incorrect email  password.] but found [Incorrect email or password.]
at seleniumlearning.ErrorValidationTest.LoginErrorValidation(ErrorValidationTest.java:23)
at java.base/java.util.ArrayList.forEach(ArrayList.java:1596)
... Removed 36 stack frames]]>
    </failure>
  </testcase> <!-- LoginErrorValidation -->
  <testcase classname="seleniumlearning.ErrorValidationTest" name="ProductErrorValidation" time="14.394"/>
  <testcase classname="seleniumlearning.SubmitOrderTest" name="submitOrder" time="17.122"/>
  <testcase classname="seleniumlearning.SubmitOrderTest" name="submitOrder" time="14.453"/>
  <testcase classname="seleniumlearning.SubmitOrderTest" name="orderHistroyTest" time="0.66">
    <failure type="java.lang.AssertionError" message="expected [true] but found [false]">
      <![CDATA[java.lang.AssertionError: expected [true] but found [false]
at seleniumlearning.SubmitOrderTest.orderHistroyTest(SubmitOrderTest.java:52)
at java.base/java.util.ArrayList.forEach(ArrayList.java:1596)
... Removed 34 stack frames]]>
    </failure>
  </testcase> <!-- orderHistroyTest -->
</testsuite> <!-- Surefire test -->
