<?xml version="1.0" encoding="UTF-8"?>
<!-- Generated by org.testng.reporters.JUnitXMLReporter -->
<testsuite ignored="0" hostname="DESKTOP-D92726M" failures="1" tests="3" name="Error Validation Test" time="35.812" errors="0" timestamp="2024-03-15T20:29:10 IST">
  <testcase classname="seleniumlearning.ErrorValidationTest" name="LoginErrorValidation" time="1.099">
    <skipped/>
  </testcase> <!-- LoginErrorValidation -->
  <testcase classname="seleniumlearning.ErrorValidationTest" name="LoginErrorValidation" time="1.113">
    <failure type="java.lang.AssertionError" message="expected [Incorrect email  password.] but found [Incorrect email or password.]">
      <![CDATA[java.lang.AssertionError: expected [Incorrect email  password.] but found [Incorrect email or password.]
at seleniumlearning.ErrorValidationTest.LoginErrorValidation(ErrorValidationTest.java:23)
at java.base/java.util.ArrayList.forEach(ArrayList.java:1511)
at java.base/java.util.concurrent.FutureTask.run(FutureTask.java:264)
at java.base/java.util.concurrent.ThreadPoolExecutor.runWorker(ThreadPoolExecutor.java:1136)
at java.base/java.util.concurrent.ThreadPoolExecutor$Worker.run(ThreadPoolExecutor.java:635)
at java.base/java.lang.Thread.run(Thread.java:840)
... Removed 24 stack frames]]>
    </failure>
  </testcase> <!-- LoginErrorValidation -->
  <testcase classname="seleniumlearning.ErrorValidationTest" name="ProductErrorValidation" time="15.35"/>
</testsuite> <!-- Error Validation Test -->
