<?xml version="1.0" encoding="UTF-8"?>
<!-- Generated by org.testng.reporters.JUnitXMLReporter -->
<testsuite ignored="0" hostname="DESKTOP-D92726M" failures="1" tests="3" name="Submit Order" time="42.924" errors="0" timestamp="2024-03-15T20:29:17 IST">
  <testcase classname="seleniumlearning.SubmitOrderTest" name="submitOrder" time="4.752"/>
  <testcase classname="seleniumlearning.SubmitOrderTest" name="submitOrder" time="16.998"/>
  <testcase classname="seleniumlearning.SubmitOrderTest" name="orderHistroyTest" time="1.809">
    <failure type="java.lang.AssertionError" message="expected [true] but found [false]">
      <![CDATA[java.lang.AssertionError: expected [true] but found [false]
at seleniumlearning.SubmitOrderTest.orderHistroyTest(SubmitOrderTest.java:50)
at java.base/java.util.ArrayList.forEach(ArrayList.java:1511)
at java.base/java.util.concurrent.FutureTask.run(FutureTask.java:264)
at java.base/java.util.concurrent.ThreadPoolExecutor.runWorker(ThreadPoolExecutor.java:1136)
at java.base/java.util.concurrent.ThreadPoolExecutor$Worker.run(ThreadPoolExecutor.java:635)
at java.base/java.lang.Thread.run(Thread.java:840)
... Removed 22 stack frames]]>
    </failure>
  </testcase> <!-- orderHistroyTest -->
</testsuite> <!-- Submit Order -->
