<?xml version="1.0" encoding="UTF-8"?>
<!-- Generated by org.testng.reporters.JUnitXMLReporter -->
<testsuite ignored="0" hostname="DESKTOP-D92726M" failures="1" tests="2" name="Error Validation Test" time="32.214" errors="0" timestamp="2024-03-16T17:45:37 IST">
  <testcase classname="seleniumlearning.ErrorValidationTest" name="LoginErrorValidation" time="0.55"/>
  <testcase classname="seleniumlearning.ErrorValidationTest" name="ProductErrorValidation" time="23.507">
    <failure type="java.lang.AssertionError" message="expected [true] but found [false]">
      <![CDATA[java.lang.AssertionError: expected [true] but found [false]
at seleniumlearning.ErrorValidationTest.ProductErrorValidation(ErrorValidationTest.java:37)
at java.base/java.util.ArrayList.forEach(ArrayList.java:1596)
at java.base/java.util.concurrent.FutureTask.run(FutureTask.java:317)
at java.base/java.util.concurrent.ThreadPoolExecutor.runWorker(ThreadPoolExecutor.java:1144)
at java.base/java.util.concurrent.ThreadPoolExecutor$Worker.run(ThreadPoolExecutor.java:642)
at java.base/java.lang.Thread.run(Thread.java:1583)
... Removed 19 stack frames]]>
    </failure>
  </testcase> <!-- ProductErrorValidation -->
</testsuite> <!-- Error Validation Test -->
