<?xml version="1.0" encoding="UTF-8"?>
<!-- Generated by org.testng.reporters.JUnitReportReporter -->
<testsuite hostname="DESKTOP-D92726M" failures="0" tests="3" name="seleniumlearning.StandAloneTest" time="42.214" errors="0" timestamp="2024-03-15T15:16:37 IST" skipped="0">
  <testcase classname="seleniumlearning.StandAloneTest" name="submitOrder" time="20.389"/>
  <system-out/>
  <testcase classname="seleniumlearning.StandAloneTest" name="orderHistroyTest" time="3.991"/>
  <system-out/>
  <testcase classname="seleniumlearning.StandAloneTest" name="submitOrder" time="17.834"/>
  <system-out/>
</testsuite> <!-- seleniumlearning.StandAloneTest -->
